<?xml version="1.0" encoding="UTF-8"?>
<testsuite xmlns:xsi="http://www.w3.org/2001/XMLSchema-instance" xsi:noNamespaceSchemaLocation="https://maven.apache.org/surefire/maven-surefire-plugin/xsd/surefire-test-report-3.0.xsd" version="3.0" name="dk.sdu.mmmi.collisionsystem.CollisionSystemTest" time="0.34" tests="2" errors="0" skipped="0" failures="0">
  <properties>
    <property name="java.specification.version" value="24"/>
    <property name="sun.cpu.isalist" value="amd64"/>
    <property name="sun.jnu.encoding" value="Cp1252"/>
    <property name="java.class.path" value="C:\Users\alexa\Downloads\AsteroidsFX-scoring_system\AsteroidsFX-scoring_system\Collision\target\test-classes;C:\Users\alexa\Downloads\AsteroidsFX-scoring_system\AsteroidsFX-scoring_system\Bullet\target\Bullet-1.0.1-SNAPSHOT.jar;C:\Users\alexa\.m2\repository\junit\junit\4.12\junit-4.12.jar;C:\Users\alexa\.m2\repository\org\hamcrest\hamcrest-core\1.3\hamcrest-core-1.3.jar;C:\Users\alexa\.m2\repository\org\junit\jupiter\junit-jupiter\5.13.0-RC1\junit-jupiter-5.13.0-RC1.jar;C:\Users\alexa\.m2\repository\org\junit\jupiter\junit-jupiter-api\5.13.0-RC1\junit-jupiter-api-5.13.0-RC1.jar;C:\Users\alexa\.m2\repository\org\opentest4j\opentest4j\1.3.0\opentest4j-1.3.0.jar;C:\Users\alexa\.m2\repository\org\junit\platform\junit-platform-commons\1.13.0-RC1\junit-platform-commons-1.13.0-RC1.jar;C:\Users\alexa\.m2\repository\org\apiguardian\apiguardian-api\1.1.2\apiguardian-api-1.1.2.jar;C:\Users\alexa\.m2\repository\org\junit\jupiter\junit-jupiter-params\5.13.0-RC1\junit-jupiter-params-5.13.0-RC1.jar;C:\Users\alexa\.m2\repository\org\junit\jupiter\junit-jupiter-engine\5.13.0-RC1\junit-jupiter-engine-5.13.0-RC1.jar;C:\Users\alexa\.m2\repository\org\junit\platform\junit-platform-engine\1.13.0-RC1\junit-platform-engine-1.13.0-RC1.jar;"/>
    <property name="java.vm.vendor" value="Oracle Corporation"/>
    <property name="sun.arch.data.model" value="64"/>
    <property name="user.variant" value=""/>
    <property name="java.vendor.url" value="https://java.oracle.com/"/>
    <property name="user.timezone" value="Europe/Copenhagen"/>
    <property name="os.name" value="Windows 11"/>
    <property name="java.vm.specification.version" value="24"/>
    <property name="sun.java.launcher" value="SUN_STANDARD"/>
    <property name="user.country" value="DK"/>
    <property name="sun.boot.library.path" value="C:\Users\alexa\.jdks\openjdk-24.0.1\bin"/>
    <property name="sun.java.command" value="org.apache.maven.surefire.booter.ForkedBooter C:\Users\alexa\AppData\Local\Temp\surefire18195802548154853257 2025-05-30T13-01-38_720-jvmRun1 surefire-20250530130154289_1tmp surefire_0-20250530130154289_2tmp"/>
    <property name="jdk.debug" value="release"/>
    <property name="surefire.test.class.path" value="C:\Users\alexa\Downloads\AsteroidsFX-scoring_system\AsteroidsFX-scoring_system\Collision\target\test-classes;C:\Users\alexa\Downloads\AsteroidsFX-scoring_system\AsteroidsFX-scoring_system\Bullet\target\Bullet-1.0.1-SNAPSHOT.jar;C:\Users\alexa\.m2\repository\junit\junit\4.12\junit-4.12.jar;C:\Users\alexa\.m2\repository\org\hamcrest\hamcrest-core\1.3\hamcrest-core-1.3.jar;C:\Users\alexa\.m2\repository\org\junit\jupiter\junit-jupiter\5.13.0-RC1\junit-jupiter-5.13.0-RC1.jar;C:\Users\alexa\.m2\repository\org\junit\jupiter\junit-jupiter-api\5.13.0-RC1\junit-jupiter-api-5.13.0-RC1.jar;C:\Users\alexa\.m2\repository\org\opentest4j\opentest4j\1.3.0\opentest4j-1.3.0.jar;C:\Users\alexa\.m2\repository\org\junit\platform\junit-platform-commons\1.13.0-RC1\junit-platform-commons-1.13.0-RC1.jar;C:\Users\alexa\.m2\repository\org\apiguardian\apiguardian-api\1.1.2\apiguardian-api-1.1.2.jar;C:\Users\alexa\.m2\repository\org\junit\jupiter\junit-jupiter-params\5.13.0-RC1\junit-jupiter-params-5.13.0-RC1.jar;C:\Users\alexa\.m2\repository\org\junit\jupiter\junit-jupiter-engine\5.13.0-RC1\junit-jupiter-engine-5.13.0-RC1.jar;C:\Users\alexa\.m2\repository\org\junit\platform\junit-platform-engine\1.13.0-RC1\junit-platform-engine-1.13.0-RC1.jar;"/>
    <property name="sun.cpu.endian" value="little"/>
    <property name="user.home" value="C:\Users\alexa"/>
    <property name="user.language" value="da"/>
    <property name="java.specification.vendor" value="Oracle Corporation"/>
    <property name="jdk.module.path" value="C:\Users\alexa\Downloads\AsteroidsFX-scoring_system\AsteroidsFX-scoring_system\Collision\target\classes;C:\Users\alexa\Downloads\AsteroidsFX-scoring_system\AsteroidsFX-scoring_system\Common\target\Common-1.0.1-SNAPSHOT.jar;C:\Users\alexa\Downloads\AsteroidsFX-scoring_system\AsteroidsFX-scoring_system\CommonBullet\target\CommonBullet-1.0.1-SNAPSHOT.jar;C:\Users\alexa\Downloads\AsteroidsFX-scoring_system\AsteroidsFX-scoring_system\Asteroid\target\Asteroid-1.0.1-SNAPSHOT.jar"/>
    <property name="java.version.date" value="2025-04-15"/>
    <property name="java.home" value="C:\Users\alexa\.jdks\openjdk-24.0.1"/>
    <property name="file.separator" value="\"/>
    <property name="basedir" value="C:\Users\alexa\Downloads\AsteroidsFX-scoring_system\AsteroidsFX-scoring_system\Collision"/>
    <property name="java.vm.compressedOopsMode" value="Zero based"/>
    <property name="line.separator" value="&#10;"/>
    <property name="java.vm.specification.vendor" value="Oracle Corporation"/>
    <property name="java.specification.name" value="Java Platform API Specification"/>
    <property name="surefire.real.class.path" value="C:\Users\alexa\.m2\repository\org\apache\maven\surefire\surefire-booter\3.2.5\surefire-booter-3.2.5.jar;C:\Users\alexa\.m2\repository\org\apache\maven\surefire\surefire-api\3.2.5\surefire-api-3.2.5.jar;C:\Users\alexa\.m2\repository\org\apache\maven\surefire\surefire-logger-api\3.2.5\surefire-logger-api-3.2.5.jar;C:\Users\alexa\.m2\repository\org\apache\maven\surefire\surefire-shared-utils\3.2.5\surefire-shared-utils-3.2.5.jar;C:\Users\alexa\.m2\repository\org\apache\maven\surefire\surefire-extensions-spi\3.2.5\surefire-extensions-spi-3.2.5.jar;C:\Users\alexa\Downloads\AsteroidsFX-scoring_system\AsteroidsFX-scoring_system\Collision\target\test-classes;C:\Users\alexa\Downloads\AsteroidsFX-scoring_system\AsteroidsFX-scoring_system\Bullet\target\Bullet-1.0.1-SNAPSHOT.jar;C:\Users\alexa\.m2\repository\junit\junit\4.12\junit-4.12.jar;C:\Users\alexa\.m2\repository\org\hamcrest\hamcrest-core\1.3\hamcrest-core-1.3.jar;C:\Users\alexa\.m2\repository\org\junit\jupiter\junit-jupiter\5.13.0-RC1\junit-jupiter-5.13.0-RC1.jar;C:\Users\alexa\.m2\repository\org\junit\jupiter\junit-jupiter-api\5.13.0-RC1\junit-jupiter-api-5.13.0-RC1.jar;C:\Users\alexa\.m2\repository\org\opentest4j\opentest4j\1.3.0\opentest4j-1.3.0.jar;C:\Users\alexa\.m2\repository\org\junit\platform\junit-platform-commons\1.13.0-RC1\junit-platform-commons-1.13.0-RC1.jar;C:\Users\alexa\.m2\repository\org\apiguardian\apiguardian-api\1.1.2\apiguardian-api-1.1.2.jar;C:\Users\alexa\.m2\repository\org\junit\jupiter\junit-jupiter-params\5.13.0-RC1\junit-jupiter-params-5.13.0-RC1.jar;C:\Users\alexa\.m2\repository\org\junit\jupiter\junit-jupiter-engine\5.13.0-RC1\junit-jupiter-engine-5.13.0-RC1.jar;C:\Users\alexa\.m2\repository\org\junit\platform\junit-platform-engine\1.13.0-RC1\junit-platform-engine-1.13.0-RC1.jar;C:\Users\alexa\.m2\repository\org\apache\maven\surefire\surefire-junit-platform\3.2.5\surefire-junit-platform-3.2.5.jar;C:\Users\alexa\.m2\repository\org\apache\maven\surefire\common-java5\3.2.5\common-java5-3.2.5.jar;C:\Users\alexa\.m2\repository\org\junit\platform\junit-platform-launcher\1.13.0-RC1\junit-platform-launcher-1.13.0-RC1.jar"/>
    <property name="user.script" value=""/>
    <property name="sun.management.compiler" value="HotSpot 64-Bit Tiered Compilers"/>
    <property name="java.runtime.version" value="24.0.1+9-30"/>
    <property name="user.name" value="alexa"/>
    <property name="stdout.encoding" value="Cp1252"/>
    <property name="path.separator" value=";"/>
    <property name="os.version" value="10.0"/>
    <property name="java.runtime.name" value="OpenJDK Runtime Environment"/>
    <property name="file.encoding" value="UTF-8"/>
    <property name="java.vm.name" value="OpenJDK 64-Bit Server VM"/>
    <property name="localRepository" value="C:\Users\alexa\.m2\repository"/>
    <property name="java.vendor.url.bug" value="https://bugreport.java.com/bugreport/"/>
    <property name="java.io.tmpdir" value="C:\Users\alexa\AppData\Local\Temp\"/>
    <property name="idea.version" value="2025.1.1.1"/>
    <property name="java.version" value="24.0.1"/>
    <property name="user.dir" value="C:\Users\alexa\Downloads\AsteroidsFX-scoring_system\AsteroidsFX-scoring_system\Collision"/>
    <property name="os.arch" value="amd64"/>
    <property name="java.vm.specification.name" value="Java Virtual Machine Specification"/>
    <property name="sun.os.patch.level" value=""/>
    <property name="native.encoding" value="Cp1252"/>
    <property name="java.library.path" value="C:\Users\alexa\.jdks\openjdk-24.0.1\bin;C:\WINDOWS\Sun\Java\bin;C:\WINDOWS\system32;C:\WINDOWS;C:\Program Files\Eclipse Adoptium\jdk-21.0.7.6-hotspot\bin;C:\WINDOWS\system32;C:\WINDOWS;C:\WINDOWS\System32\Wbem;C:\WINDOWS\System32\WindowsPowerShell\v1.0\;C:\WINDOWS\System32\OpenSSH\;C:\Program Files\Intel\WiFi\bin\;C:\Program Files\Common Files\Intel\WirelessCommon\;C:\ProgramData\chocolatey\bin;C:\Program Files\nodejs\;C:\Program Files\Git\cmd;C:\Program Files\dotnet\;C:\Users\alexa\AppData\Local\Microsoft\WindowsApps;C:\Users\alexa\AppData\Roaming\npm;C:\Users\alexa\.dotnet\tools;C:\Program Files\apache-maven-3.9.6\bin;C:\Program Files\Docker\Docker\resources\bin;C:\Programmer\Java\jdk-17.0.1\bin;C:\Program Files\MySQL\MySQL Shell 8.0\bin\;C:\Users\alexa\AppData\Local\Microsoft\WindowsApps;C:\Users\alexa\AppData\Roaming\npm;C:\Users\alexa\.dotnet\tools;."/>
    <property name="java.vm.info" value="mixed mode"/>
    <property name="stderr.encoding" value="Cp1252"/>
    <property name="java.vendor" value="Oracle Corporation"/>
    <property name="java.vm.version" value="24.0.1+9-30"/>
    <property name="sun.io.unicode.encoding" value="UnicodeLittle"/>
    <property name="java.class.version" value="68.0"/>
  </properties>
  <testcase name="isCollision" classname="dk.sdu.mmmi.collisionsystem.CollisionSystemTest" time="0.26"/>
  <testcase name="isNotCollision" classname="dk.sdu.mmmi.collisionsystem.CollisionSystemTest" time="0.011"/>
</testsuite>